# JRE version: OpenJDK Runtime Environment Temurin-17.0.10+7 (17.0.10+7) (build 17.0.10+7)
# Java VM: OpenJDK 64-Bit Server VM Temurin-17.0.10+7 (17.0.10+7, mixed mode, emulated-client, tiered, compressed oops, compressed class ptrs, g1 gc, windows-amd64)
GC Precious Log:
 CPUs: 8 total, 8 available
 Memory: 8108M
 Large Page Support: Disabled
 NUMA Support: Disabled
 Compressed Oops: Enabled (32-bit)
 Heap Region Size: 1M
 Heap Min Capacity: 8M
 Heap Initial Capacity: 128M
 Heap Max Capacity: 1G
 Pre-touch: Disabled
 Parallel Workers: 8
 Concurrent Workers: 2
 Concurrent Refinement Workers: 8
 Periodic GC: Disabled
Heap:
 garbage-first heap   total 126976K, used 39931K [0x00000000c0000000, 0x0000000100000000)
  region size 1024K, 1 young (1024K), 0 survivors (0K)
 Metaspace       used 62727K, committed 63168K, reserved 1114112K
  class space    used 7990K, committed 8192K, reserved 1048576K
GC Heap History (20 events):
Event: 3927.805 GC heap after
{Heap after GC invocations=332 (full 228):
 garbage-first heap   total 126976K, used 39826K [0x00000000c0000000, 0x0000000100000000)
  region size 1024K, 0 young (0K), 0 survivors (0K)
 Metaspace       used 62737K, committed 63168K, reserved 1114112K
  class space    used 7992K, committed 8192K, reserved 1048576K
}
Event: 3968.164 GC heap before
{Heap before GC invocations=332 (full 228):
 garbage-first heap   total 126976K, used 70546K [0x00000000c0000000, 0x0000000100000000)
  region size 1024K, 31 young (31744K), 0 survivors (0K)
 Metaspace       used 62737K, committed 63168K, reserved 1114112K
  class space    used 7992K, committed 8192K, reserved 1048576K
}
Event: 3968.257 GC heap after
{Heap after GC invocations=333 (full 229):
 garbage-first heap   total 126976K, used 40133K [0x00000000c0000000, 0x0000000100000000)
  region size 1024K, 0 young (0K), 0 survivors (0K)
 Metaspace       used 62737K, committed 63168K, reserved 1114112K
  class space    used 7992K, committed 8192K, reserved 1048576K
}
Event: 3978.601 GC heap before
{Heap before GC invocations=333 (full 229):
 garbage-first heap   total 126976K, used 40133K [0x00000000c0000000, 0x0000000100000000)
  region size 1024K, 1 young (1024K), 0 survivors (0K)
 Metaspace       used 62737K, committed 63168K, reserved 1114112K
  class space    used 7992K, committed 8192K, reserved 1048576K
}
Event: 3978.689 GC heap after
{Heap after GC invocations=334 (full 230):
 garbage-first heap   total 126976K, used 40133K [0x00000000c0000000, 0x0000000100000000)
  region size 1024K, 0 young (0K), 0 survivors (0K)
 Metaspace       used 62737K, committed 63168K, reserved 1114112K
  class space    used 7992K, committed 8192K, reserved 1048576K
}
Event: 3988.997 GC heap before
{Heap before GC invocations=334 (full 230):
 garbage-first heap   total 126976K, used 40133K [0x00000000c0000000, 0x0000000100000000)
  region size 1024K, 1 young (1024K), 0 survivors (0K)
 Metaspace       used 62737K, committed 63168K, reserved 1114112K
  class space    used 7992K, committed 8192K, reserved 1048576K
}
Event: 3989.086 GC heap after
{Heap after GC invocations=335 (full 231):
 garbage-first heap   total 126976K, used 40131K [0x00000000c0000000, 0x0000000100000000)
  region size 1024K, 0 young (0K), 0 survivors (0K)
 Metaspace       used 62737K, committed 63168K, reserved 1114112K
  class space    used 7992K, committed 8192K, reserved 1048576K
}
Event: 3999.402 GC heap before
{Heap before GC invocations=335 (full 231):
 garbage-first heap   total 126976K, used 40131K [0x00000000c0000000, 0x0000000100000000)
  region size 1024K, 1 young (1024K), 0 survivors (0K)
 Metaspace       used 62737K, committed 63168K, reserved 1114112K
  class space    used 7992K, committed 8192K, reserved 1048576K
}
Event: 3999.491 GC heap after
{Heap after GC invocations=336 (full 232):
 garbage-first heap   total 126976K, used 40131K [0x00000000c0000000, 0x0000000100000000)
  region size 1024K, 0 young (0K), 0 survivors (0K)
 Metaspace       used 62737K, committed 63168K, reserved 1114112K
  class space    used 7992K, committed 8192K, reserved 1048576K
}
Event: 4009.819 GC heap before
{Heap before GC invocations=336 (full 232):
 garbage-first heap   total 126976K, used 40131K [0x00000000c0000000, 0x0000000100000000)
  region size 1024K, 1 young (1024K), 0 survivors (0K)
 Metaspace       used 62737K, committed 63168K, reserved 1114112K
  class space    used 7992K, committed 8192K, reserved 1048576K
}
Event: 4009.944 GC heap after
{Heap after GC invocations=337 (full 233):
 garbage-first heap   total 126976K, used 40131K [0x00000000c0000000, 0x0000000100000000)
  region size 1024K, 0 young (0K), 0 survivors (0K)
 Metaspace       used 62727K, committed 63168K, reserved 1114112K
  class space    used 7990K, committed 8192K, reserved 1048576K
}
Event: 4020.354 GC heap before
{Heap before GC invocations=337 (full 233):
 garbage-first heap   total 126976K, used 40131K [0x00000000c0000000, 0x0000000100000000)
  region size 1024K, 1 young (1024K), 0 survivors (0K)
 Metaspace       used 62727K, committed 63168K, reserved 1114112K
  class space    used 7990K, committed 8192K, reserved 1048576K
}
Event: 4020.474 GC heap after
{Heap after GC invocations=338 (full 234):
 garbage-first heap   total 126976K, used 40131K [0x00000000c0000000, 0x0000000100000000)
  region size 1024K, 0 young (0K), 0 survivors (0K)
 Metaspace       used 62727K, committed 63168K, reserved 1114112K
  class space    used 7990K, committed 8192K, reserved 1048576K
}
Event: 4030.815 GC heap before
{Heap before GC invocations=338 (full 234):
 garbage-first heap   total 126976K, used 40131K [0x00000000c0000000, 0x0000000100000000)
  region size 1024K, 1 young (1024K), 0 survivors (0K)
 Metaspace       used 62727K, committed 63168K, reserved 1114112K
  class space    used 7990K, committed 8192K, reserved 1048576K
}
Event: 4030.902 GC heap after
{Heap after GC invocations=339 (full 235):
 garbage-first heap   total 126976K, used 39841K [0x00000000c0000000, 0x0000000100000000)
  region size 1024K, 0 young (0K), 0 survivors (0K)
 Metaspace       used 62727K, committed 63168K, reserved 1114112K
  class space    used 7990K, committed 8192K, reserved 1048576K
}
Event: 4041.217 GC heap before
{Heap before GC invocations=339 (full 235):
 garbage-first heap   total 126976K, used 39841K [0x00000000c0000000, 0x0000000100000000)
  region size 1024K, 1 young (1024K), 0 survivors (0K)
 Metaspace       used 62727K, committed 63168K, reserved 1114112K
  class space    used 7990K, committed 8192K, reserved 1048576K
}
Event: 4041.307 GC heap after
{Heap after GC invocations=340 (full 236):
 garbage-first heap   total 126976K, used 39841K [0x00000000c0000000, 0x0000000100000000)
  region size 1024K, 0 young (0K), 0 survivors (0K)
 Metaspace       used 62727K, committed 63168K, reserved 1114112K
  class space    used 7990K, committed 8192K, reserved 1048576K
}
Event: 4051.720 GC heap before
{Heap before GC invocations=340 (full 236):
 garbage-first heap   total 126976K, used 39841K [0x00000000c0000000, 0x0000000100000000)
  region size 1024K, 1 young (1024K), 0 survivors (0K)
 Metaspace       used 62727K, committed 63168K, reserved 1114112K
  class space    used 7990K, committed 8192K, reserved 1048576K
}
Event: 4051.833 GC heap after
{Heap after GC invocations=341 (full 237):
 garbage-first heap   total 126976K, used 39841K [0x00000000c0000000, 0x0000000100000000)
  region size 1024K, 0 young (0K), 0 survivors (0K)
 Metaspace       used 62727K, committed 63168K, reserved 1114112K
  class space    used 7990K, committed 8192K, reserved 1048576K
}
Event: 4062.213 GC heap before
{Heap before GC invocations=341 (full 237):
 garbage-first heap   total 126976K, used 39841K [0x00000000c0000000, 0x0000000100000000)
  region size 1024K, 1 young (1024K), 0 survivors (0K)
 Metaspace       used 62727K, committed 63168K, reserved 1114112K
  class space    used 7990K, committed 8192K, reserved 1048576K
}

