# JRE version: Java(TM) SE Runtime Environment (21.0.2+13) (build 21.0.2+13-LTS-58)
# Java VM: Java HotSpot(TM) 64-Bit Server VM (21.0.2+13-LTS-58, mixed mode, sharing, tiered, compressed oops, compressed class ptrs, g1 gc, windows-amd64)
GC Precious Log:
 CardTable entry size: 512
 Card Set container configuration: InlinePtr #cards 5 size 8 Array Of Cards #cards 12 size 40 Howl #buckets 4 coarsen threshold 1843 Howl Bitmap #cards 512 size 80 coarsen threshold 460 Card regions per heap region 1 cards per card region 2048
 CPUs: 8 total, 8 available
 Memory: 8108M
 Large Page Support: Disabled
 NUMA Support: Disabled
 Compressed Oops: Enabled (32-bit)
 Heap Region Size: 1M
 Heap Min Capacity: 8M
 Heap Initial Capacity: 128M
 Heap Max Capacity: 2028M
 Pre-touch: Disabled
 Parallel Workers: 8
 Concurrent Workers: 2
 Concurrent Refinement Workers: 8
 Periodic GC: Disabled
Heap:
 garbage-first heap   total 84992K, used 38533K [0x0000000081400000, 0x0000000100000000)
  region size 1024K, 5 young (5120K), 3 survivors (3072K)
 Metaspace       used 74846K, committed 75584K, reserved 1114112K
  class space    used 10262K, committed 10560K, reserved 1048576K
GC Heap History (20 events):
Event: 16.145 GC heap before
{Heap before GC invocations=11 (full 0):
 garbage-first heap   total 70656K, used 60695K [0x0000000081400000, 0x0000000100000000)
  region size 1024K, 38 young (38912K), 3 survivors (3072K)
 Metaspace       used 41630K, committed 42240K, reserved 1114112K
  class space    used 5328K, committed 5632K, reserved 1048576K
}
Event: 16.179 GC heap after
{Heap after GC invocations=12 (full 0):
 garbage-first heap   total 70656K, used 26306K [0x0000000081400000, 0x0000000100000000)
  region size 1024K, 4 young (4096K), 4 survivors (4096K)
 Metaspace       used 41630K, committed 42240K, reserved 1114112K
  class space    used 5328K, committed 5632K, reserved 1048576K
}
Event: 19.267 GC heap before
{Heap before GC invocations=12 (full 0):
 garbage-first heap   total 70656K, used 61122K [0x0000000081400000, 0x0000000100000000)
  region size 1024K, 39 young (39936K), 4 survivors (4096K)
 Metaspace       used 50047K, committed 50688K, reserved 1114112K
  class space    used 6485K, committed 6784K, reserved 1048576K
}
Event: 19.298 GC heap after
{Heap after GC invocations=13 (full 0):
 garbage-first heap   total 70656K, used 29316K [0x0000000081400000, 0x0000000100000000)
  region size 1024K, 5 young (5120K), 5 survivors (5120K)
 Metaspace       used 50047K, committed 50688K, reserved 1114112K
  class space    used 6485K, committed 6784K, reserved 1048576K
}
Event: 21.467 GC heap before
{Heap before GC invocations=13 (full 0):
 garbage-first heap   total 70656K, used 60036K [0x0000000081400000, 0x0000000100000000)
  region size 1024K, 36 young (36864K), 5 survivors (5120K)
 Metaspace       used 55827K, committed 56448K, reserved 1114112K
  class space    used 7234K, committed 7552K, reserved 1048576K
}
Event: 21.489 GC heap after
{Heap after GC invocations=14 (full 0):
 garbage-first heap   total 70656K, used 30786K [0x0000000081400000, 0x0000000100000000)
  region size 1024K, 2 young (2048K), 2 survivors (2048K)
 Metaspace       used 55827K, committed 56448K, reserved 1114112K
  class space    used 7234K, committed 7552K, reserved 1048576K
}
Event: 22.269 GC heap before
{Heap before GC invocations=14 (full 0):
 garbage-first heap   total 70656K, used 40002K [0x0000000081400000, 0x0000000100000000)
  region size 1024K, 13 young (13312K), 2 survivors (2048K)
 Metaspace       used 59762K, committed 60416K, reserved 1114112K
  class space    used 7888K, committed 8192K, reserved 1048576K
}
Event: 22.283 GC heap after
{Heap after GC invocations=15 (full 0):
 garbage-first heap   total 70656K, used 31118K [0x0000000081400000, 0x0000000100000000)
  region size 1024K, 2 young (2048K), 2 survivors (2048K)
 Metaspace       used 59762K, committed 60416K, reserved 1114112K
  class space    used 7888K, committed 8192K, reserved 1048576K
}
Event: 24.279 GC heap before
{Heap before GC invocations=16 (full 0):
 garbage-first heap   total 70656K, used 61838K [0x0000000081400000, 0x0000000100000000)
  region size 1024K, 33 young (33792K), 2 survivors (2048K)
 Metaspace       used 63792K, committed 64448K, reserved 1114112K
  class space    used 8576K, committed 8896K, reserved 1048576K
}
Event: 24.291 GC heap after
{Heap after GC invocations=17 (full 0):
 garbage-first heap   total 70656K, used 31855K [0x0000000081400000, 0x0000000100000000)
  region size 1024K, 3 young (3072K), 3 survivors (3072K)
 Metaspace       used 63792K, committed 64448K, reserved 1114112K
  class space    used 8576K, committed 8896K, reserved 1048576K
}
Event: 26.195 GC heap before
{Heap before GC invocations=17 (full 0):
 garbage-first heap   total 70656K, used 61551K [0x0000000081400000, 0x0000000100000000)
  region size 1024K, 33 young (33792K), 3 survivors (3072K)
 Metaspace       used 67106K, committed 67904K, reserved 1114112K
  class space    used 8946K, committed 9344K, reserved 1048576K
}
Event: 26.222 GC heap after
{Heap after GC invocations=18 (full 0):
 garbage-first heap   total 70656K, used 33040K [0x0000000081400000, 0x0000000100000000)
  region size 1024K, 4 young (4096K), 4 survivors (4096K)
 Metaspace       used 67106K, committed 67904K, reserved 1114112K
  class space    used 8946K, committed 9344K, reserved 1048576K
}
Event: 28.912 GC heap before
{Heap before GC invocations=18 (full 0):
 garbage-first heap   total 70656K, used 61712K [0x0000000081400000, 0x0000000100000000)
  region size 1024K, 32 young (32768K), 4 survivors (4096K)
 Metaspace       used 70840K, committed 71552K, reserved 1114112K
  class space    used 9585K, committed 9920K, reserved 1048576K
}
Event: 28.944 GC heap after
{Heap after GC invocations=19 (full 0):
 garbage-first heap   total 70656K, used 34949K [0x0000000081400000, 0x0000000100000000)
  region size 1024K, 4 young (4096K), 4 survivors (4096K)
 Metaspace       used 70840K, committed 71552K, reserved 1114112K
  class space    used 9585K, committed 9920K, reserved 1048576K
}
Event: 30.021 GC heap before
{Heap before GC invocations=19 (full 0):
 garbage-first heap   total 70656K, used 60549K [0x0000000081400000, 0x0000000100000000)
  region size 1024K, 30 young (30720K), 4 survivors (4096K)
 Metaspace       used 72647K, committed 73408K, reserved 1114112K
  class space    used 9931K, committed 10304K, reserved 1048576K
}
Event: 30.051 GC heap after
{Heap after GC invocations=20 (full 0):
 garbage-first heap   total 84992K, used 36509K [0x0000000081400000, 0x0000000100000000)
  region size 1024K, 4 young (4096K), 4 survivors (4096K)
 Metaspace       used 72647K, committed 73408K, reserved 1114112K
  class space    used 9931K, committed 10304K, reserved 1048576K
}
Event: 31.267 GC heap before
{Heap before GC invocations=21 (full 0):
 garbage-first heap   total 84992K, used 75421K [0x0000000081400000, 0x0000000100000000)
  region size 1024K, 42 young (43008K), 4 survivors (4096K)
 Metaspace       used 73626K, committed 74368K, reserved 1114112K
  class space    used 10099K, committed 10432K, reserved 1048576K
}
Event: 31.295 GC heap after
{Heap after GC invocations=22 (full 0):
 garbage-first heap   total 84992K, used 38476K [0x0000000081400000, 0x0000000100000000)
  region size 1024K, 4 young (4096K), 4 survivors (4096K)
 Metaspace       used 73626K, committed 74368K, reserved 1114112K
  class space    used 10099K, committed 10432K, reserved 1048576K
}
Event: 32.555 GC heap before
{Heap before GC invocations=22 (full 0):
 garbage-first heap   total 84992K, used 74316K [0x0000000081400000, 0x0000000100000000)
  region size 1024K, 40 young (40960K), 4 survivors (4096K)
 Metaspace       used 74820K, committed 75584K, reserved 1114112K
  class space    used 10260K, committed 10560K, reserved 1048576K
}
Event: 32.571 GC heap after
{Heap after GC invocations=23 (full 0):
 garbage-first heap   total 84992K, used 37509K [0x0000000081400000, 0x0000000100000000)
  region size 1024K, 3 young (3072K), 3 survivors (3072K)
 Metaspace       used 74820K, committed 75584K, reserved 1114112K
  class space    used 10260K, committed 10560K, reserved 1048576K
}

