# JRE version: OpenJDK Runtime Environment Temurin-17.0.10+7 (17.0.10+7) (build 17.0.10+7)
# Java VM: OpenJDK 64-Bit Server VM Temurin-17.0.10+7 (17.0.10+7, mixed mode, emulated-client, tiered, compressed oops, compressed class ptrs, g1 gc, windows-amd64)
GC Precious Log:
 CPUs: 8 total, 8 available
 Memory: 8108M
 Large Page Support: Disabled
 NUMA Support: Disabled
 Compressed Oops: Enabled (32-bit)
 Heap Region Size: 1M
 Heap Min Capacity: 8M
 Heap Initial Capacity: 128M
 Heap Max Capacity: 1G
 Pre-touch: Disabled
 Parallel Workers: 8
 Concurrent Workers: 2
 Concurrent Refinement Workers: 8
 Periodic GC: Disabled
Heap:
 garbage-first heap   total 106496K, used 46223K [0x00000000c0000000, 0x0000000100000000)
  region size 1024K, 1 young (1024K), 0 survivors (0K)
 Metaspace       used 61483K, committed 62208K, reserved 1114112K
  class space    used 7742K, committed 8000K, reserved 1048576K
GC Heap History (20 events):
Event: 8214.979 GC heap before
{Heap before GC invocations=480 (full 73):
 garbage-first heap   total 106496K, used 46235K [0x00000000c0000000, 0x0000000100000000)
  region size 1024K, 1 young (1024K), 0 survivors (0K)
 Metaspace       used 61493K, committed 62208K, reserved 1114112K
  class space    used 7743K, committed 8000K, reserved 1048576K
}
Event: 8215.111 GC heap after
{Heap after GC invocations=481 (full 74):
 garbage-first heap   total 106496K, used 46235K [0x00000000c0000000, 0x0000000100000000)
  region size 1024K, 0 young (0K), 0 survivors (0K)
 Metaspace       used 61493K, committed 62208K, reserved 1114112K
  class space    used 7743K, committed 8000K, reserved 1048576K
}
Event: 8225.412 GC heap before
{Heap before GC invocations=481 (full 74):
 garbage-first heap   total 106496K, used 46235K [0x00000000c0000000, 0x0000000100000000)
  region size 1024K, 1 young (1024K), 0 survivors (0K)
 Metaspace       used 61493K, committed 62208K, reserved 1114112K
  class space    used 7743K, committed 8000K, reserved 1048576K
}
Event: 8225.552 GC heap after
{Heap after GC invocations=482 (full 75):
 garbage-first heap   total 106496K, used 46235K [0x00000000c0000000, 0x0000000100000000)
  region size 1024K, 0 young (0K), 0 survivors (0K)
 Metaspace       used 61493K, committed 62208K, reserved 1114112K
  class space    used 7743K, committed 8000K, reserved 1048576K
}
Event: 8235.913 GC heap before
{Heap before GC invocations=482 (full 75):
 garbage-first heap   total 106496K, used 46235K [0x00000000c0000000, 0x0000000100000000)
  region size 1024K, 1 young (1024K), 0 survivors (0K)
 Metaspace       used 61493K, committed 62208K, reserved 1114112K
  class space    used 7743K, committed 8000K, reserved 1048576K
}
Event: 8236.059 GC heap after
{Heap after GC invocations=483 (full 76):
 garbage-first heap   total 106496K, used 46235K [0x00000000c0000000, 0x0000000100000000)
  region size 1024K, 0 young (0K), 0 survivors (0K)
 Metaspace       used 61493K, committed 62208K, reserved 1114112K
  class space    used 7743K, committed 8000K, reserved 1048576K
}
Event: 8246.390 GC heap before
{Heap before GC invocations=483 (full 76):
 garbage-first heap   total 106496K, used 46235K [0x00000000c0000000, 0x0000000100000000)
  region size 1024K, 1 young (1024K), 0 survivors (0K)
 Metaspace       used 61493K, committed 62208K, reserved 1114112K
  class space    used 7743K, committed 8000K, reserved 1048576K
}
Event: 8246.521 GC heap after
{Heap after GC invocations=484 (full 77):
 garbage-first heap   total 106496K, used 46235K [0x00000000c0000000, 0x0000000100000000)
  region size 1024K, 0 young (0K), 0 survivors (0K)
 Metaspace       used 61493K, committed 62208K, reserved 1114112K
  class space    used 7743K, committed 8000K, reserved 1048576K
}
Event: 8256.787 GC heap before
{Heap before GC invocations=484 (full 77):
 garbage-first heap   total 106496K, used 46235K [0x00000000c0000000, 0x0000000100000000)
  region size 1024K, 1 young (1024K), 0 survivors (0K)
 Metaspace       used 61493K, committed 62208K, reserved 1114112K
  class space    used 7743K, committed 8000K, reserved 1048576K
}
Event: 8256.908 GC heap after
{Heap after GC invocations=485 (full 78):
 garbage-first heap   total 106496K, used 46223K [0x00000000c0000000, 0x0000000100000000)
  region size 1024K, 0 young (0K), 0 survivors (0K)
 Metaspace       used 61483K, committed 62208K, reserved 1114112K
  class space    used 7742K, committed 8000K, reserved 1048576K
}
Event: 8267.187 GC heap before
{Heap before GC invocations=485 (full 78):
 garbage-first heap   total 106496K, used 46223K [0x00000000c0000000, 0x0000000100000000)
  region size 1024K, 1 young (1024K), 0 survivors (0K)
 Metaspace       used 61483K, committed 62208K, reserved 1114112K
  class space    used 7742K, committed 8000K, reserved 1048576K
}
Event: 8267.311 GC heap after
{Heap after GC invocations=486 (full 79):
 garbage-first heap   total 106496K, used 46223K [0x00000000c0000000, 0x0000000100000000)
  region size 1024K, 0 young (0K), 0 survivors (0K)
 Metaspace       used 61483K, committed 62208K, reserved 1114112K
  class space    used 7742K, committed 8000K, reserved 1048576K
}
Event: 8277.597 GC heap before
{Heap before GC invocations=486 (full 79):
 garbage-first heap   total 106496K, used 46223K [0x00000000c0000000, 0x0000000100000000)
  region size 1024K, 1 young (1024K), 0 survivors (0K)
 Metaspace       used 61483K, committed 62208K, reserved 1114112K
  class space    used 7742K, committed 8000K, reserved 1048576K
}
Event: 8277.706 GC heap after
{Heap after GC invocations=487 (full 80):
 garbage-first heap   total 106496K, used 46223K [0x00000000c0000000, 0x0000000100000000)
  region size 1024K, 0 young (0K), 0 survivors (0K)
 Metaspace       used 61483K, committed 62208K, reserved 1114112K
  class space    used 7742K, committed 8000K, reserved 1048576K
}
Event: 8287.996 GC heap before
{Heap before GC invocations=487 (full 80):
 garbage-first heap   total 106496K, used 46223K [0x00000000c0000000, 0x0000000100000000)
  region size 1024K, 1 young (1024K), 0 survivors (0K)
 Metaspace       used 61483K, committed 62208K, reserved 1114112K
  class space    used 7742K, committed 8000K, reserved 1048576K
}
Event: 8288.130 GC heap after
{Heap after GC invocations=488 (full 81):
 garbage-first heap   total 106496K, used 46223K [0x00000000c0000000, 0x0000000100000000)
  region size 1024K, 0 young (0K), 0 survivors (0K)
 Metaspace       used 61483K, committed 62208K, reserved 1114112K
  class space    used 7742K, committed 8000K, reserved 1048576K
}
Event: 8298.677 GC heap before
{Heap before GC invocations=488 (full 81):
 garbage-first heap   total 106496K, used 46223K [0x00000000c0000000, 0x0000000100000000)
  region size 1024K, 1 young (1024K), 0 survivors (0K)
 Metaspace       used 61483K, committed 62208K, reserved 1114112K
  class space    used 7742K, committed 8000K, reserved 1048576K
}
Event: 8298.881 GC heap after
{Heap after GC invocations=489 (full 82):
 garbage-first heap   total 106496K, used 46223K [0x00000000c0000000, 0x0000000100000000)
  region size 1024K, 0 young (0K), 0 survivors (0K)
 Metaspace       used 61483K, committed 62208K, reserved 1114112K
  class space    used 7742K, committed 8000K, reserved 1048576K
}
Event: 8309.167 GC heap before
{Heap before GC invocations=489 (full 82):
 garbage-first heap   total 106496K, used 46223K [0x00000000c0000000, 0x0000000100000000)
  region size 1024K, 1 young (1024K), 0 survivors (0K)
 Metaspace       used 61483K, committed 62208K, reserved 1114112K
  class space    used 7742K, committed 8000K, reserved 1048576K
}
Event: 8309.293 GC heap after
{Heap after GC invocations=490 (full 83):
 garbage-first heap   total 106496K, used 46223K [0x00000000c0000000, 0x0000000100000000)
  region size 1024K, 0 young (0K), 0 survivors (0K)
 Metaspace       used 61483K, committed 62208K, reserved 1114112K
  class space    used 7742K, committed 8000K, reserved 1048576K
}

